2022-05-18 20:09:48 - c.c.YouTubeUz.YouTubeUzApplication - INFO  - Starting YouTubeUzApplication using Java 17.0.2 on Bilol with PID 7980 (D:\JavaLessons\YouTubeUz\target\classes started by Bilol in D:\JavaLessons\YouTubeUz)
2022-05-18 20:09:48 - c.c.YouTubeUz.YouTubeUzApplication - DEBUG - Running with Spring Boot v2.6.7, Spring v5.3.19
2022-05-18 20:09:48 - c.c.YouTubeUz.YouTubeUzApplication - INFO  - The following 1 profile is active: "dev"
2022-05-18 20:09:49 - o.s.d.r.c.RepositoryConfigurationDelegate - INFO  - Bootstrapping Spring Data JPA repositories in DEFAULT mode.
2022-05-18 20:09:49 - o.s.d.r.c.RepositoryConfigurationDelegate - INFO  - Finished Spring Data repository scanning in 60 ms. Found 13 JPA repository interfaces.
2022-05-18 20:09:49 - o.s.b.w.e.tomcat.TomcatWebServer - INFO  - Tomcat initialized with port(s): 8080 (http)
2022-05-18 20:09:49 - o.a.catalina.core.StandardService - INFO  - Starting service [Tomcat]
2022-05-18 20:09:49 - o.a.catalina.core.StandardEngine - INFO  - Starting Servlet engine: [Apache Tomcat/9.0.62]
2022-05-18 20:09:49 - o.a.c.c.C.[Tomcat].[localhost].[/] - INFO  - Initializing Spring embedded WebApplicationContext
2022-05-18 20:09:49 - o.s.b.w.s.c.ServletWebServerApplicationContext - INFO  - Root WebApplicationContext: initialization completed in 1282 ms
2022-05-18 20:09:49 - c.company.YouTubeUz.config.JwtFilter - DEBUG - Filter 'jwtFilter' configured for use
2022-05-18 20:09:49 - o.h.jpa.internal.util.LogHelper - INFO  - HHH000204: Processing PersistenceUnitInfo [name: default]
2022-05-18 20:09:50 - org.hibernate.Version - INFO  - HHH000412: Hibernate ORM core version 5.6.8.Final
2022-05-18 20:09:50 - o.h.annotations.common.Version - INFO  - HCANN000001: Hibernate Commons Annotations {5.1.2.Final}
2022-05-18 20:09:50 - com.zaxxer.hikari.HikariDataSource - INFO  - HikariPool-1 - Starting...
2022-05-18 20:09:50 - com.zaxxer.hikari.HikariDataSource - INFO  - HikariPool-1 - Start completed.
2022-05-18 20:09:50 - org.hibernate.dialect.Dialect - INFO  - HHH000400: Using dialect: org.hibernate.dialect.PostgreSQL10Dialect
2022-05-18 20:09:51 - o.h.e.t.j.p.i.JtaPlatformInitiator - INFO  - HHH000490: Using JtaPlatform implementation: [org.hibernate.engine.transaction.jta.platform.internal.NoJtaPlatform]
2022-05-18 20:09:51 - o.s.o.j.LocalContainerEntityManagerFactoryBean - INFO  - Initialized JPA EntityManagerFactory for persistence unit 'default'
2022-05-18 20:09:51 - o.s.b.a.o.j.JpaBaseConfiguration$JpaWebConfiguration - WARN  - spring.jpa.open-in-view is enabled by default. Therefore, database queries may be performed during view rendering. Explicitly configure spring.jpa.open-in-view to disable this warning
2022-05-18 20:09:51 - o.s.b.w.e.tomcat.TomcatWebServer - INFO  - Tomcat started on port(s): 8080 (http) with context path ''
2022-05-18 20:09:52 - c.c.YouTubeUz.YouTubeUzApplication - INFO  - Started YouTubeUzApplication in 4.08 seconds (JVM running for 4.774)
2022-05-18 20:10:21 - o.a.c.c.C.[Tomcat].[localhost].[/] - INFO  - Initializing Spring DispatcherServlet 'dispatcherServlet'
2022-05-18 20:10:21 - o.s.web.servlet.DispatcherServlet - INFO  - Initializing Servlet 'dispatcherServlet'
2022-05-18 20:10:21 - o.s.web.servlet.DispatcherServlet - INFO  - Completed initialization in 1 ms
2022-05-18 20:15:26 - o.s.o.j.LocalContainerEntityManagerFactoryBean - INFO  - Closing JPA EntityManagerFactory for persistence unit 'default'
2022-05-18 20:15:26 - com.zaxxer.hikari.HikariDataSource - INFO  - HikariPool-1 - Shutdown initiated...
2022-05-18 20:15:26 - com.zaxxer.hikari.HikariDataSource - INFO  - HikariPool-1 - Shutdown completed.
2022-05-18 20:15:31 - c.c.YouTubeUz.YouTubeUzApplication - INFO  - Starting YouTubeUzApplication using Java 17.0.2 on Bilol with PID 16448 (D:\JavaLessons\YouTubeUz\target\classes started by Bilol in D:\JavaLessons\YouTubeUz)
2022-05-18 20:15:31 - c.c.YouTubeUz.YouTubeUzApplication - DEBUG - Running with Spring Boot v2.6.7, Spring v5.3.19
2022-05-18 20:15:31 - c.c.YouTubeUz.YouTubeUzApplication - INFO  - The following 1 profile is active: "dev"
2022-05-18 20:15:32 - o.s.d.r.c.RepositoryConfigurationDelegate - INFO  - Bootstrapping Spring Data JPA repositories in DEFAULT mode.
2022-05-18 20:15:32 - o.s.d.r.c.RepositoryConfigurationDelegate - INFO  - Finished Spring Data repository scanning in 62 ms. Found 13 JPA repository interfaces.
2022-05-18 20:15:32 - o.s.b.w.e.tomcat.TomcatWebServer - INFO  - Tomcat initialized with port(s): 8080 (http)
2022-05-18 20:15:32 - o.a.catalina.core.StandardService - INFO  - Starting service [Tomcat]
2022-05-18 20:15:32 - o.a.catalina.core.StandardEngine - INFO  - Starting Servlet engine: [Apache Tomcat/9.0.62]
2022-05-18 20:15:32 - o.a.c.c.C.[Tomcat].[localhost].[/] - INFO  - Initializing Spring embedded WebApplicationContext
2022-05-18 20:15:32 - o.s.b.w.s.c.ServletWebServerApplicationContext - INFO  - Root WebApplicationContext: initialization completed in 1196 ms
2022-05-18 20:15:32 - c.company.YouTubeUz.config.JwtFilter - DEBUG - Filter 'jwtFilter' configured for use
2022-05-18 20:15:32 - o.h.jpa.internal.util.LogHelper - INFO  - HHH000204: Processing PersistenceUnitInfo [name: default]
2022-05-18 20:15:32 - org.hibernate.Version - INFO  - HHH000412: Hibernate ORM core version 5.6.8.Final
2022-05-18 20:15:33 - o.h.annotations.common.Version - INFO  - HCANN000001: Hibernate Commons Annotations {5.1.2.Final}
2022-05-18 20:15:33 - com.zaxxer.hikari.HikariDataSource - INFO  - HikariPool-1 - Starting...
2022-05-18 20:15:33 - com.zaxxer.hikari.HikariDataSource - INFO  - HikariPool-1 - Start completed.
2022-05-18 20:15:33 - org.hibernate.dialect.Dialect - INFO  - HHH000400: Using dialect: org.hibernate.dialect.PostgreSQL10Dialect
2022-05-18 20:15:33 - o.h.e.t.j.p.i.JtaPlatformInitiator - INFO  - HHH000490: Using JtaPlatform implementation: [org.hibernate.engine.transaction.jta.platform.internal.NoJtaPlatform]
2022-05-18 20:15:33 - o.s.o.j.LocalContainerEntityManagerFactoryBean - INFO  - Initialized JPA EntityManagerFactory for persistence unit 'default'
2022-05-18 20:15:34 - o.s.b.a.o.j.JpaBaseConfiguration$JpaWebConfiguration - WARN  - spring.jpa.open-in-view is enabled by default. Therefore, database queries may be performed during view rendering. Explicitly configure spring.jpa.open-in-view to disable this warning
2022-05-18 20:15:34 - o.s.b.w.e.tomcat.TomcatWebServer - INFO  - Tomcat started on port(s): 8080 (http) with context path ''
2022-05-18 20:15:35 - c.c.YouTubeUz.YouTubeUzApplication - INFO  - Started YouTubeUzApplication in 4.035 seconds (JVM running for 4.577)
2022-05-18 20:15:45 - o.a.c.c.C.[Tomcat].[localhost].[/] - INFO  - Initializing Spring DispatcherServlet 'dispatcherServlet'
2022-05-18 20:15:45 - o.s.web.servlet.DispatcherServlet - INFO  - Initializing Servlet 'dispatcherServlet'
2022-05-18 20:15:45 - o.s.web.servlet.DispatcherServlet - INFO  - Completed initialization in 1 ms
2022-05-18 20:16:12 - o.s.o.j.LocalContainerEntityManagerFactoryBean - INFO  - Closing JPA EntityManagerFactory for persistence unit 'default'
2022-05-18 20:16:12 - com.zaxxer.hikari.HikariDataSource - INFO  - HikariPool-1 - Shutdown initiated...
2022-05-18 20:16:12 - com.zaxxer.hikari.HikariDataSource - INFO  - HikariPool-1 - Shutdown completed.
2022-05-18 20:16:16 - c.c.YouTubeUz.YouTubeUzApplication - INFO  - Starting YouTubeUzApplication using Java 17.0.2 on Bilol with PID 17000 (D:\JavaLessons\YouTubeUz\target\classes started by Bilol in D:\JavaLessons\YouTubeUz)
2022-05-18 20:16:16 - c.c.YouTubeUz.YouTubeUzApplication - DEBUG - Running with Spring Boot v2.6.7, Spring v5.3.19
2022-05-18 20:16:16 - c.c.YouTubeUz.YouTubeUzApplication - INFO  - The following 1 profile is active: "dev"
2022-05-18 20:16:17 - o.s.d.r.c.RepositoryConfigurationDelegate - INFO  - Bootstrapping Spring Data JPA repositories in DEFAULT mode.
2022-05-18 20:16:17 - o.s.d.r.c.RepositoryConfigurationDelegate - INFO  - Finished Spring Data repository scanning in 58 ms. Found 13 JPA repository interfaces.
2022-05-18 20:16:17 - o.s.b.w.e.tomcat.TomcatWebServer - INFO  - Tomcat initialized with port(s): 8080 (http)
2022-05-18 20:16:17 - o.a.catalina.core.StandardService - INFO  - Starting service [Tomcat]
2022-05-18 20:16:17 - o.a.catalina.core.StandardEngine - INFO  - Starting Servlet engine: [Apache Tomcat/9.0.62]
2022-05-18 20:16:17 - o.a.c.c.C.[Tomcat].[localhost].[/] - INFO  - Initializing Spring embedded WebApplicationContext
2022-05-18 20:16:17 - o.s.b.w.s.c.ServletWebServerApplicationContext - INFO  - Root WebApplicationContext: initialization completed in 1163 ms
2022-05-18 20:16:17 - c.company.YouTubeUz.config.JwtFilter - DEBUG - Filter 'jwtFilter' configured for use
2022-05-18 20:16:17 - o.h.jpa.internal.util.LogHelper - INFO  - HHH000204: Processing PersistenceUnitInfo [name: default]
2022-05-18 20:16:17 - org.hibernate.Version - INFO  - HHH000412: Hibernate ORM core version 5.6.8.Final
2022-05-18 20:16:17 - o.h.annotations.common.Version - INFO  - HCANN000001: Hibernate Commons Annotations {5.1.2.Final}
2022-05-18 20:16:17 - com.zaxxer.hikari.HikariDataSource - INFO  - HikariPool-1 - Starting...
2022-05-18 20:16:18 - com.zaxxer.hikari.HikariDataSource - INFO  - HikariPool-1 - Start completed.
2022-05-18 20:16:18 - org.hibernate.dialect.Dialect - INFO  - HHH000400: Using dialect: org.hibernate.dialect.PostgreSQL10Dialect
2022-05-18 20:16:18 - o.h.e.t.j.p.i.JtaPlatformInitiator - INFO  - HHH000490: Using JtaPlatform implementation: [org.hibernate.engine.transaction.jta.platform.internal.NoJtaPlatform]
2022-05-18 20:16:18 - o.s.o.j.LocalContainerEntityManagerFactoryBean - INFO  - Initialized JPA EntityManagerFactory for persistence unit 'default'
2022-05-18 20:16:19 - o.s.b.a.o.j.JpaBaseConfiguration$JpaWebConfiguration - WARN  - spring.jpa.open-in-view is enabled by default. Therefore, database queries may be performed during view rendering. Explicitly configure spring.jpa.open-in-view to disable this warning
2022-05-18 20:16:19 - o.s.b.w.e.tomcat.TomcatWebServer - INFO  - Tomcat started on port(s): 8080 (http) with context path ''
2022-05-18 20:16:20 - c.c.YouTubeUz.YouTubeUzApplication - INFO  - Started YouTubeUzApplication in 3.892 seconds (JVM running for 4.474)
2022-05-18 20:18:46 - o.s.o.j.LocalContainerEntityManagerFactoryBean - INFO  - Closing JPA EntityManagerFactory for persistence unit 'default'
2022-05-18 20:18:46 - com.zaxxer.hikari.HikariDataSource - INFO  - HikariPool-1 - Shutdown initiated...
2022-05-18 20:18:46 - com.zaxxer.hikari.HikariDataSource - INFO  - HikariPool-1 - Shutdown completed.
